<?xml version="1.0" encoding="UTF-8"?>
<testng-results ignored="2" total="5" passed="3" failed="0" skipped="0">
  <reporter-output>
  </reporter-output>
  <suite started-at="2019-12-30T17:26:59 EST" name="Suite" finished-at="2019-12-30T17:28:14 EST" duration-ms="74802">
    <groups>
    </groups>
    <test started-at="2019-12-30T17:26:59 EST" name="Test" finished-at="2019-12-30T17:28:14 EST" duration-ms="74802">
      <class name="com.edureka.TestBase.BrowserBasics">
        <test-method is-config="true" signature="Init()[pri:0, instance:com.edureka.TestBase.BrowserBasics@1198b989]" started-at="2019-12-30T17:26:44 EST" name="Init" finished-at="2019-12-30T17:26:59 EST" duration-ms="15681" status="PASS">
          <reporter-output>
          </reporter-output>
        </test-method> <!-- Init -->
        <test-method is-config="true" signature="CloseBrowser()[pri:0, instance:com.edureka.TestBase.BrowserBasics@1198b989]" started-at="2019-12-30T17:28:14 EST" name="CloseBrowser" finished-at="2019-12-30T17:28:14 EST" duration-ms="0" status="PASS">
          <reporter-output>
          </reporter-output>
        </test-method> <!-- CloseBrowser -->
      </class> <!-- com.edureka.TestBase.BrowserBasics -->
      <class name="com.edureka.TestBase.LogIntoEdureka">
        <test-method signature="Init()[pri:1, instance:com.edureka.TestBase.LogIntoEdureka@7ff95560]" started-at="2019-12-30T17:26:59 EST" name="Init" finished-at="2019-12-30T17:27:02 EST" duration-ms="2540" status="PASS">
          <reporter-output>
          </reporter-output>
        </test-method> <!-- Init -->
        <test-method signature="selectMyprofile()[pri:3, instance:com.edureka.TestBase.LogIntoEdureka@7ff95560]" started-at="2019-12-30T17:27:02 EST" name="selectMyprofile" finished-at="2019-12-30T17:28:07 EST" duration-ms="64799" status="PASS">
          <reporter-output>
          </reporter-output>
        </test-method> <!-- selectMyprofile -->
        <test-method signature="checkForMycourses()[pri:4, instance:com.edureka.TestBase.LogIntoEdureka@7ff95560]" started-at="2019-12-30T17:28:07 EST" name="checkForMycourses" finished-at="2019-12-30T17:28:14 EST" duration-ms="7407" status="PASS">
          <reporter-output>
          </reporter-output>
        </test-method> <!-- checkForMycourses -->
      </class> <!-- com.edureka.TestBase.LogIntoEdureka -->
    </test> <!-- Test -->
  </suite> <!-- Suite -->
</testng-results>
