<?xml version="1.0" encoding="UTF-8"?>
<testng-results ignored="2" total="4" passed="2" failed="0" skipped="0">
  <reporter-output>
  </reporter-output>
  <suite started-at="2019-12-27T00:25:35 EST" name="Suite" finished-at="2019-12-27T00:26:16 EST" duration-ms="40662">
    <groups>
    </groups>
    <test started-at="2019-12-27T00:25:35 EST" name="Test" finished-at="2019-12-27T00:26:16 EST" duration-ms="40662">
      <class name="com.edureka.TestBase.BrowserBasics">
        <test-method is-config="true" signature="Init()[pri:0, instance:com.edureka.TestBase.BrowserBasics@527e5409]" started-at="2019-12-27T00:25:19 EST" name="Init" finished-at="2019-12-27T00:25:35 EST" duration-ms="16079" status="PASS">
          <reporter-output>
          </reporter-output>
        </test-method> <!-- Init -->
        <test-method is-config="true" signature="CloseBrowser()[pri:0, instance:com.edureka.TestBase.BrowserBasics@527e5409]" started-at="2019-12-27T00:26:16 EST" name="CloseBrowser" finished-at="2019-12-27T00:26:16 EST" duration-ms="0" status="PASS">
          <reporter-output>
          </reporter-output>
        </test-method> <!-- CloseBrowser -->
      </class> <!-- com.edureka.TestBase.BrowserBasics -->
      <class name="com.edureka.TestBase.LogIntoEdureka">
        <test-method signature="Init()[pri:1, instance:com.edureka.TestBase.LogIntoEdureka@1198b989]" started-at="2019-12-27T00:25:36 EST" name="Init" finished-at="2019-12-27T00:25:38 EST" duration-ms="2567" status="PASS">
          <reporter-output>
          </reporter-output>
        </test-method> <!-- Init -->
        <test-method signature="selectMyprofile()[pri:2, instance:com.edureka.TestBase.LogIntoEdureka@1198b989]" started-at="2019-12-27T00:25:38 EST" name="selectMyprofile" finished-at="2019-12-27T00:26:16 EST" duration-ms="38055" status="PASS">
          <reporter-output>
          </reporter-output>
        </test-method> <!-- selectMyprofile -->
      </class> <!-- com.edureka.TestBase.LogIntoEdureka -->
    </test> <!-- Test -->
  </suite> <!-- Suite -->
</testng-results>
